{"/Users/sh.alisultanov/Desktop/Projects/github/interpreter/client/common/helpers/index.js": {"path":"/Users/sh.alisultanov/Desktop/Projects/github/interpreter/client/common/helpers/index.js","statementMap":{},"fnMap":{},"branchMap":{},"s":{},"f":{},"b":{},"_coverageSchema":"43e27e138ebf9cfc5966b082cf9a028302ed4184","hash":"2833245250177d6a30afa05257687b71fe4cefae"}
,"/Users/sh.alisultanov/Desktop/Projects/github/interpreter/client/common/helpers/getAvatarName/index.js": {"path":"/Users/sh.alisultanov/Desktop/Projects/github/interpreter/client/common/helpers/getAvatarName/index.js","statementMap":{"0":{"start":{"line":1,"column":22},"end":{"line":1,"column":64}},"1":{"start":{"line":1,"column":33},"end":{"line":1,"column":64}}},"fnMap":{"0":{"name":"(anonymous_0)","decl":{"start":{"line":1,"column":22},"end":{"line":1,"column":23}},"loc":{"start":{"line":1,"column":33},"end":{"line":1,"column":64}},"line":1}},"branchMap":{},"s":{"0":2,"1":1},"f":{"0":1},"b":{},"_coverageSchema":"43e27e138ebf9cfc5966b082cf9a028302ed4184","hash":"d832bffd93a76a861be9eff568cbf4eab265c6ce"}
,"/Users/sh.alisultanov/Desktop/Projects/github/interpreter/client/common/helpers/isValidToken/index.js": {"path":"/Users/sh.alisultanov/Desktop/Projects/github/interpreter/client/common/helpers/isValidToken/index.js","statementMap":{"0":{"start":{"line":3,"column":21},"end":{"line":11,"column":1}},"1":{"start":{"line":4,"column":2},"end":{"line":4,"column":26}},"2":{"start":{"line":4,"column":14},"end":{"line":4,"column":26}},"3":{"start":{"line":6,"column":18},"end":{"line":6,"column":40}},"4":{"start":{"line":8,"column":18},"end":{"line":8,"column":34}},"5":{"start":{"line":10,"column":2},"end":{"line":10,"column":46}}},"fnMap":{"0":{"name":"(anonymous_0)","decl":{"start":{"line":3,"column":21},"end":{"line":3,"column":22}},"loc":{"start":{"line":3,"column":32},"end":{"line":11,"column":1}},"line":3}},"branchMap":{"0":{"loc":{"start":{"line":4,"column":2},"end":{"line":4,"column":26}},"type":"if","locations":[{"start":{"line":4,"column":2},"end":{"line":4,"column":26}},{"start":{"line":4,"column":2},"end":{"line":4,"column":26}}],"line":4},"1":{"loc":{"start":{"line":6,"column":18},"end":{"line":6,"column":40}},"type":"binary-expr","locations":[{"start":{"line":6,"column":18},"end":{"line":6,"column":34}},{"start":{"line":6,"column":38},"end":{"line":6,"column":40}}],"line":6},"2":{"loc":{"start":{"line":8,"column":18},"end":{"line":8,"column":34}},"type":"binary-expr","locations":[{"start":{"line":8,"column":18},"end":{"line":8,"column":29}},{"start":{"line":8,"column":33},"end":{"line":8,"column":34}}],"line":8}},"s":{"0":1,"1":0,"2":0,"3":0,"4":0,"5":0},"f":{"0":0},"b":{"0":[0,0],"1":[0,0],"2":[0,0]},"_coverageSchema":"43e27e138ebf9cfc5966b082cf9a028302ed4184","hash":"6b29210eb1126c4b7c8aa255f073c2190c0cf6db"}
,"/Users/sh.alisultanov/Desktop/Projects/github/interpreter/client/components/admin/TheAdminFooter/index.vue": {"path":"/Users/sh.alisultanov/Desktop/Projects/github/interpreter/client/components/admin/TheAdminFooter/index.vue","statementMap":{"0":{"start":{"line":11,"column":0},"end":{"line":11,"column":null}},"1":{"start":{"line":1,"column":0},"end":{"line":1,"column":null}}},"fnMap":{"0":{"name":"(anonymous_0)","decl":{"start":{"line":11,"column":0},"end":{"line":11,"column":null}},"loc":{"start":{"line":11,"column":0},"end":{"line":11,"column":null}}},"1":{"name":"(anonymous_1)","decl":{"start":{"line":1,"column":0},"end":{"line":1,"column":null}},"loc":{"start":{"line":1,"column":0},"end":{"line":1,"column":null}}}},"branchMap":{},"s":{"0":0,"1":3},"f":{"0":0,"1":0},"b":{}}
,"/Users/sh.alisultanov/Desktop/Projects/github/interpreter/client/components/admin/TheAdminHeader/index.vue": {"path":"/Users/sh.alisultanov/Desktop/Projects/github/interpreter/client/components/admin/TheAdminHeader/index.vue","statementMap":{"0":{"start":{"line":39,"column":0},"end":{"line":39,"column":null}},"1":{"start":{"line":40,"column":0},"end":{"line":40,"column":null}},"2":{"start":{"line":45,"column":0},"end":{"line":45,"column":null}},"3":{"start":{"line":70,"column":0},"end":{"line":78,"column":null}},"4":{"start":{"line":71,"column":0},"end":{"line":71,"column":null}},"5":{"start":{"line":72,"column":0},"end":{"line":72,"column":null}},"6":{"start":{"line":74,"column":0},"end":{"line":74,"column":null}},"7":{"start":{"line":82,"column":0},"end":{"line":82,"column":null}},"8":{"start":{"line":83,"column":0},"end":{"line":83,"column":null}},"9":{"start":{"line":84,"column":0},"end":{"line":84,"column":null}},"10":{"start":{"line":1,"column":0},"end":{"line":1,"column":null}}},"fnMap":{"0":{"name":"(anonymous_0)","decl":{"start":{"line":45,"column":0},"end":{"line":45,"column":null}},"loc":{"start":{"line":45,"column":0},"end":{"line":45,"column":null}}},"1":{"name":"(anonymous_1)","decl":{"start":{"line":69,"column":0},"end":{"line":69,"column":null}},"loc":{"start":{"line":69,"column":0},"end":{"line":79,"column":null}}},"2":{"name":"(anonymous_2)","decl":{"start":{"line":81,"column":0},"end":{"line":81,"column":null}},"loc":{"start":{"line":81,"column":0},"end":{"line":85,"column":null}}},"3":{"name":"(anonymous_3)","decl":{"start":{"line":1,"column":0},"end":{"line":1,"column":null}},"loc":{"start":{"line":1,"column":0},"end":{"line":1,"column":null}}}},"branchMap":{},"s":{"0":1,"1":1,"2":0,"3":0,"4":0,"5":0,"6":0,"7":0,"8":0,"9":0,"10":3},"f":{"0":0,"1":0,"2":0,"3":0},"b":{}}
,"/Users/sh.alisultanov/Desktop/Projects/github/interpreter/client/components/landing/TheHeader/index.vue": {"path":"/Users/sh.alisultanov/Desktop/Projects/github/interpreter/client/components/landing/TheHeader/index.vue","statementMap":{"0":{"start":{"line":120,"column":0},"end":{"line":120,"column":null}},"1":{"start":{"line":125,"column":0},"end":{"line":125,"column":null}},"2":{"start":{"line":188,"column":0},"end":{"line":188,"column":null}},"3":{"start":{"line":190,"column":0},"end":{"line":206,"column":null}},"4":{"start":{"line":191,"column":0},"end":{"line":194,"column":null}},"5":{"start":{"line":192,"column":0},"end":{"line":192,"column":null}},"6":{"start":{"line":193,"column":0},"end":{"line":193,"column":null}},"7":{"start":{"line":196,"column":0},"end":{"line":205,"column":null}},"8":{"start":{"line":197,"column":0},"end":{"line":197,"column":null}},"9":{"start":{"line":198,"column":0},"end":{"line":198,"column":null}},"10":{"start":{"line":199,"column":0},"end":{"line":199,"column":null}},"11":{"start":{"line":201,"column":0},"end":{"line":201,"column":null}},"12":{"start":{"line":208,"column":0},"end":{"line":208,"column":null}},"13":{"start":{"line":212,"column":0},"end":{"line":212,"column":null}},"14":{"start":{"line":214,"column":0},"end":{"line":240,"column":null}},"15":{"start":{"line":215,"column":0},"end":{"line":218,"column":null}},"16":{"start":{"line":216,"column":0},"end":{"line":216,"column":null}},"17":{"start":{"line":217,"column":0},"end":{"line":217,"column":null}},"18":{"start":{"line":220,"column":0},"end":{"line":239,"column":null}},"19":{"start":{"line":221,"column":0},"end":{"line":221,"column":null}},"20":{"start":{"line":226,"column":0},"end":{"line":226,"column":null}},"21":{"start":{"line":231,"column":0},"end":{"line":231,"column":null}},"22":{"start":{"line":233,"column":0},"end":{"line":233,"column":null}},"23":{"start":{"line":235,"column":0},"end":{"line":235,"column":null}},"24":{"start":{"line":242,"column":0},"end":{"line":242,"column":null}},"25":{"start":{"line":246,"column":0},"end":{"line":246,"column":null}},"26":{"start":{"line":247,"column":0},"end":{"line":247,"column":null}},"27":{"start":{"line":251,"column":0},"end":{"line":251,"column":null}},"28":{"start":{"line":252,"column":0},"end":{"line":252,"column":null}},"29":{"start":{"line":253,"column":0},"end":{"line":253,"column":null}},"30":{"start":{"line":1,"column":0},"end":{"line":1,"column":null}}},"fnMap":{"0":{"name":"(anonymous_0)","decl":{"start":{"line":125,"column":0},"end":{"line":125,"column":null}},"loc":{"start":{"line":125,"column":0},"end":{"line":125,"column":null}}},"1":{"name":"(anonymous_1)","decl":{"start":{"line":187,"column":0},"end":{"line":187,"column":null}},"loc":{"start":{"line":187,"column":0},"end":{"line":209,"column":null}}},"2":{"name":"(anonymous_2)","decl":{"start":{"line":190,"column":0},"end":{"line":190,"column":null}},"loc":{"start":{"line":190,"column":0},"end":{"line":206,"column":null}}},"3":{"name":"(anonymous_3)","decl":{"start":{"line":211,"column":0},"end":{"line":211,"column":null}},"loc":{"start":{"line":211,"column":0},"end":{"line":243,"column":null}}},"4":{"name":"(anonymous_4)","decl":{"start":{"line":214,"column":0},"end":{"line":214,"column":null}},"loc":{"start":{"line":214,"column":0},"end":{"line":240,"column":null}}},"5":{"name":"(anonymous_5)","decl":{"start":{"line":245,"column":0},"end":{"line":245,"column":null}},"loc":{"start":{"line":245,"column":0},"end":{"line":248,"column":null}}},"6":{"name":"(anonymous_6)","decl":{"start":{"line":250,"column":0},"end":{"line":250,"column":null}},"loc":{"start":{"line":250,"column":0},"end":{"line":254,"column":null}}},"7":{"name":"(anonymous_7)","decl":{"start":{"line":1,"column":0},"end":{"line":1,"column":null}},"loc":{"start":{"line":1,"column":0},"end":{"line":1,"column":null}}}},"branchMap":{"0":{"loc":{"start":{"line":191,"column":0},"end":{"line":194,"column":null}},"type":"if","locations":[{"start":{"line":191,"column":0},"end":{"line":194,"column":null}},{"start":{"line":191,"column":0},"end":{"line":194,"column":null}}]},"1":{"loc":{"start":{"line":215,"column":0},"end":{"line":218,"column":null}},"type":"if","locations":[{"start":{"line":215,"column":0},"end":{"line":218,"column":null}},{"start":{"line":215,"column":0},"end":{"line":218,"column":null}}]}},"s":{"0":1,"1":0,"2":0,"3":0,"4":0,"5":0,"6":0,"7":0,"8":0,"9":0,"10":0,"11":0,"12":0,"13":0,"14":0,"15":0,"16":0,"17":0,"18":0,"19":0,"20":0,"21":0,"22":0,"23":0,"24":0,"25":0,"26":0,"27":0,"28":0,"29":0,"30":3},"f":{"0":0,"1":0,"2":0,"3":0,"4":0,"5":0,"6":0,"7":0},"b":{"0":[0,0],"1":[0,0]}}
,"/Users/sh.alisultanov/Desktop/Projects/github/interpreter/client/layouts/admin.vue": {"path":"/Users/sh.alisultanov/Desktop/Projects/github/interpreter/client/layouts/admin.vue","statementMap":{"0":{"start":{"line":12,"column":0},"end":{"line":12,"column":null}},"1":{"start":{"line":14,"column":0},"end":{"line":14,"column":null}},"2":{"start":{"line":15,"column":0},"end":{"line":15,"column":null}},"3":{"start":{"line":28,"column":0},"end":{"line":35,"column":null}},"4":{"start":{"line":31,"column":0},"end":{"line":31,"column":null}},"5":{"start":{"line":34,"column":0},"end":{"line":34,"column":null}},"6":{"start":{"line":42,"column":0},"end":{"line":42,"column":null}},"7":{"start":{"line":1,"column":0},"end":{"line":1,"column":null}}},"fnMap":{"0":{"name":"(anonymous_1)","decl":{"start":{"line":27,"column":0},"end":{"line":27,"column":null}},"loc":{"start":{"line":27,"column":0},"end":{"line":36,"column":null}}},"1":{"name":"(anonymous_2)","decl":{"start":{"line":28,"column":0},"end":{"line":28,"column":null}},"loc":{"start":{"line":28,"column":0},"end":{"line":32,"column":null}}},"2":{"name":"(anonymous_3)","decl":{"start":{"line":32,"column":0},"end":{"line":32,"column":null}},"loc":{"start":{"line":32,"column":0},"end":{"line":35,"column":null}}},"3":{"name":"(anonymous_4)","decl":{"start":{"line":41,"column":0},"end":{"line":41,"column":null}},"loc":{"start":{"line":41,"column":0},"end":{"line":43,"column":null}}},"4":{"name":"(anonymous_5)","decl":{"start":{"line":1,"column":0},"end":{"line":1,"column":null}},"loc":{"start":{"line":1,"column":0},"end":{"line":1,"column":null}}}},"branchMap":{},"s":{"0":1,"1":1,"2":1,"3":1,"4":1,"5":1,"6":1,"7":6},"f":{"0":1,"1":1,"2":1,"3":1,"4":1},"b":{}}
,"/Users/sh.alisultanov/Desktop/Projects/github/interpreter/client/layouts/default.vue": {"path":"/Users/sh.alisultanov/Desktop/Projects/github/interpreter/client/layouts/default.vue","statementMap":{"0":{"start":{"line":10,"column":0},"end":{"line":10,"column":null}},"1":{"start":{"line":1,"column":0},"end":{"line":1,"column":null}}},"fnMap":{"0":{"name":"(anonymous_1)","decl":{"start":{"line":1,"column":0},"end":{"line":1,"column":null}},"loc":{"start":{"line":1,"column":0},"end":{"line":1,"column":null}}}},"branchMap":{},"s":{"0":1,"1":6},"f":{"0":1},"b":{}}
,"/Users/sh.alisultanov/Desktop/Projects/github/interpreter/client/pages/index.vue": {"path":"/Users/sh.alisultanov/Desktop/Projects/github/interpreter/client/pages/index.vue","statementMap":{"0":{"start":{"line":1,"column":0},"end":{"line":1,"column":null}}},"fnMap":{"0":{"name":"(anonymous_0)","decl":{"start":{"line":1,"column":0},"end":{"line":1,"column":null}},"loc":{"start":{"line":1,"column":0},"end":{"line":1,"column":null}}}},"branchMap":{},"s":{"0":6},"f":{"0":1},"b":{}}
,"/Users/sh.alisultanov/Desktop/Projects/github/interpreter/client/pages/admin/index.vue": {"path":"/Users/sh.alisultanov/Desktop/Projects/github/interpreter/client/pages/admin/index.vue","statementMap":{"0":{"start":{"line":6,"column":0},"end":{"line":6,"column":null}},"1":{"start":{"line":14,"column":0},"end":{"line":14,"column":null}},"2":{"start":{"line":1,"column":0},"end":{"line":1,"column":null}}},"fnMap":{"0":{"name":"(anonymous_1)","decl":{"start":{"line":13,"column":0},"end":{"line":13,"column":null}},"loc":{"start":{"line":13,"column":0},"end":{"line":15,"column":null}}},"1":{"name":"(anonymous_2)","decl":{"start":{"line":1,"column":0},"end":{"line":1,"column":null}},"loc":{"start":{"line":1,"column":0},"end":{"line":1,"column":null}}}},"branchMap":{},"s":{"0":0,"1":0,"2":0},"f":{"0":0,"1":0},"b":{}}
,"/Users/sh.alisultanov/Desktop/Projects/github/interpreter/client/pages/admin/how-use/index.vue": {"path":"/Users/sh.alisultanov/Desktop/Projects/github/interpreter/client/pages/admin/how-use/index.vue","statementMap":{"0":{"start":{"line":10,"column":0},"end":{"line":10,"column":null}},"1":{"start":{"line":1,"column":0},"end":{"line":1,"column":null}}},"fnMap":{"0":{"name":"(anonymous_1)","decl":{"start":{"line":1,"column":0},"end":{"line":1,"column":null}},"loc":{"start":{"line":1,"column":0},"end":{"line":1,"column":null}}}},"branchMap":{},"s":{"0":0,"1":0},"f":{"0":0},"b":{}}
,"/Users/sh.alisultanov/Desktop/Projects/github/interpreter/client/pages/admin/projects/index.vue": {"path":"/Users/sh.alisultanov/Desktop/Projects/github/interpreter/client/pages/admin/projects/index.vue","statementMap":{"0":{"start":{"line":112,"column":0},"end":{"line":112,"column":null}},"1":{"start":{"line":114,"column":0},"end":{"line":114,"column":null}},"2":{"start":{"line":122,"column":0},"end":{"line":122,"column":null}},"3":{"start":{"line":123,"column":0},"end":{"line":123,"column":null}},"4":{"start":{"line":126,"column":0},"end":{"line":126,"column":null}},"5":{"start":{"line":161,"column":0},"end":{"line":161,"column":null}},"6":{"start":{"line":165,"column":0},"end":{"line":165,"column":null}},"7":{"start":{"line":167,"column":0},"end":{"line":203,"column":null}},"8":{"start":{"line":168,"column":0},"end":{"line":171,"column":null}},"9":{"start":{"line":169,"column":0},"end":{"line":169,"column":null}},"10":{"start":{"line":170,"column":0},"end":{"line":170,"column":null}},"11":{"start":{"line":173,"column":0},"end":{"line":173,"column":null}},"12":{"start":{"line":180,"column":0},"end":{"line":200,"column":null}},"13":{"start":{"line":181,"column":0},"end":{"line":181,"column":null}},"14":{"start":{"line":186,"column":0},"end":{"line":186,"column":null}},"15":{"start":{"line":188,"column":0},"end":{"line":188,"column":null}},"16":{"start":{"line":193,"column":0},"end":{"line":193,"column":null}},"17":{"start":{"line":194,"column":0},"end":{"line":194,"column":null}},"18":{"start":{"line":196,"column":0},"end":{"line":196,"column":null}},"19":{"start":{"line":202,"column":0},"end":{"line":202,"column":null}},"20":{"start":{"line":207,"column":0},"end":{"line":207,"column":null}},"21":{"start":{"line":208,"column":0},"end":{"line":208,"column":null}},"22":{"start":{"line":209,"column":0},"end":{"line":209,"column":null}},"23":{"start":{"line":213,"column":0},"end":{"line":213,"column":null}},"24":{"start":{"line":1,"column":0},"end":{"line":1,"column":null}}},"fnMap":{"0":{"name":"(anonymous_1)","decl":{"start":{"line":121,"column":0},"end":{"line":121,"column":null}},"loc":{"start":{"line":121,"column":0},"end":{"line":124,"column":null}}},"1":{"name":"(anonymous_2)","decl":{"start":{"line":126,"column":0},"end":{"line":126,"column":null}},"loc":{"start":{"line":126,"column":0},"end":{"line":126,"column":null}}},"2":{"name":"(anonymous_3)","decl":{"start":{"line":160,"column":0},"end":{"line":160,"column":null}},"loc":{"start":{"line":160,"column":0},"end":{"line":162,"column":null}}},"3":{"name":"(anonymous_4)","decl":{"start":{"line":164,"column":0},"end":{"line":164,"column":null}},"loc":{"start":{"line":164,"column":0},"end":{"line":204,"column":null}}},"4":{"name":"(anonymous_5)","decl":{"start":{"line":167,"column":0},"end":{"line":167,"column":null}},"loc":{"start":{"line":167,"column":0},"end":{"line":203,"column":null}}},"5":{"name":"(anonymous_6)","decl":{"start":{"line":206,"column":0},"end":{"line":206,"column":null}},"loc":{"start":{"line":206,"column":0},"end":{"line":210,"column":null}}},"6":{"name":"(anonymous_7)","decl":{"start":{"line":212,"column":0},"end":{"line":212,"column":null}},"loc":{"start":{"line":212,"column":0},"end":{"line":214,"column":null}}},"7":{"name":"(anonymous_8)","decl":{"start":{"line":1,"column":0},"end":{"line":1,"column":null}},"loc":{"start":{"line":1,"column":0},"end":{"line":1,"column":null}}}},"branchMap":{"0":{"loc":{"start":{"line":168,"column":0},"end":{"line":171,"column":null}},"type":"if","locations":[{"start":{"line":168,"column":0},"end":{"line":171,"column":null}},{"start":{"line":168,"column":0},"end":{"line":171,"column":null}}]},"1":{"loc":{"start":{"line":1,"column":0},"end":{"line":1,"column":null}},"type":"cond-expr","locations":[{"start":{"line":1,"column":0},"end":{"line":1,"column":null}},{"start":{"line":1,"column":0},"end":{"line":1,"column":null}}]}},"s":{"0":0,"1":0,"2":0,"3":0,"4":0,"5":0,"6":0,"7":0,"8":0,"9":0,"10":0,"11":0,"12":0,"13":0,"14":0,"15":0,"16":0,"17":0,"18":0,"19":0,"20":0,"21":0,"22":0,"23":0,"24":0},"f":{"0":0,"1":0,"2":0,"3":0,"4":0,"5":0,"6":0,"7":0},"b":{"0":[0,0],"1":[0,0]}}
,"/Users/sh.alisultanov/Desktop/Projects/github/interpreter/client/pages/admin/projects/_id/index.vue": {"path":"/Users/sh.alisultanov/Desktop/Projects/github/interpreter/client/pages/admin/projects/_id/index.vue","statementMap":{"0":{"start":{"line":51,"column":0},"end":{"line":51,"column":null}},"1":{"start":{"line":52,"column":0},"end":{"line":52,"column":null}},"2":{"start":{"line":53,"column":0},"end":{"line":53,"column":null}},"3":{"start":{"line":54,"column":0},"end":{"line":54,"column":null}},"4":{"start":{"line":55,"column":0},"end":{"line":55,"column":null}},"5":{"start":{"line":56,"column":0},"end":{"line":56,"column":null}},"6":{"start":{"line":57,"column":0},"end":{"line":57,"column":null}},"7":{"start":{"line":58,"column":0},"end":{"line":58,"column":null}},"8":{"start":{"line":60,"column":0},"end":{"line":60,"column":null}},"9":{"start":{"line":79,"column":0},"end":{"line":79,"column":null}},"10":{"start":{"line":81,"column":0},"end":{"line":81,"column":null}},"11":{"start":{"line":86,"column":0},"end":{"line":88,"column":null}},"12":{"start":{"line":87,"column":0},"end":{"line":87,"column":null}},"13":{"start":{"line":92,"column":0},"end":{"line":92,"column":null}},"14":{"start":{"line":96,"column":0},"end":{"line":96,"column":null}},"15":{"start":{"line":97,"column":0},"end":{"line":97,"column":null}},"16":{"start":{"line":1,"column":0},"end":{"line":1,"column":null}}},"fnMap":{"0":{"name":"(anonymous_1)","decl":{"start":{"line":78,"column":0},"end":{"line":78,"column":null}},"loc":{"start":{"line":78,"column":0},"end":{"line":82,"column":null}}},"1":{"name":"(anonymous_2)","decl":{"start":{"line":85,"column":0},"end":{"line":85,"column":null}},"loc":{"start":{"line":85,"column":0},"end":{"line":89,"column":null}}},"2":{"name":"(anonymous_3)","decl":{"start":{"line":86,"column":0},"end":{"line":86,"column":null}},"loc":{"start":{"line":86,"column":0},"end":{"line":88,"column":null}}},"3":{"name":"(anonymous_4)","decl":{"start":{"line":91,"column":0},"end":{"line":91,"column":null}},"loc":{"start":{"line":91,"column":0},"end":{"line":93,"column":null}}},"4":{"name":"(anonymous_5)","decl":{"start":{"line":95,"column":0},"end":{"line":95,"column":null}},"loc":{"start":{"line":95,"column":0},"end":{"line":98,"column":null}}},"5":{"name":"(anonymous_6)","decl":{"start":{"line":96,"column":0},"end":{"line":96,"column":null}},"loc":{"start":{"line":96,"column":0},"end":{"line":96,"column":null}}},"6":{"name":"(anonymous_7)","decl":{"start":{"line":1,"column":0},"end":{"line":1,"column":null}},"loc":{"start":{"line":1,"column":0},"end":{"line":1,"column":null}}}},"branchMap":{"0":{"loc":{"start":{"line":79,"column":0},"end":{"line":79,"column":null}},"type":"binary-expr","locations":[{"start":{"line":79,"column":0},"end":{"line":79,"column":null}},{"start":{"line":79,"column":0},"end":{"line":79,"column":null}}]}},"s":{"0":0,"1":0,"2":0,"3":0,"4":0,"5":0,"6":0,"7":0,"8":0,"9":0,"10":0,"11":0,"12":0,"13":0,"14":0,"15":0,"16":0},"f":{"0":0,"1":0,"2":0,"3":0,"4":0,"5":0,"6":0},"b":{"0":[0,0]}}
,"/Users/sh.alisultanov/Desktop/Projects/github/interpreter/client/pages/admin/projects/_id/components/CreateKeysModal/index.vue": {"path":"/Users/sh.alisultanov/Desktop/Projects/github/interpreter/client/pages/admin/projects/_id/components/CreateKeysModal/index.vue","statementMap":{"0":{"start":{"line":44,"column":0},"end":{"line":44,"column":null}},"1":{"start":{"line":64,"column":0},"end":{"line":93,"column":null}},"2":{"start":{"line":65,"column":0},"end":{"line":65,"column":null}},"3":{"start":{"line":67,"column":0},"end":{"line":67,"column":null}},"4":{"start":{"line":76,"column":0},"end":{"line":92,"column":null}},"5":{"start":{"line":77,"column":0},"end":{"line":77,"column":null}},"6":{"start":{"line":79,"column":0},"end":{"line":79,"column":null}},"7":{"start":{"line":81,"column":0},"end":{"line":81,"column":null}},"8":{"start":{"line":86,"column":0},"end":{"line":86,"column":null}},"9":{"start":{"line":88,"column":0},"end":{"line":88,"column":null}},"10":{"start":{"line":1,"column":0},"end":{"line":1,"column":null}}},"fnMap":{"0":{"name":"(anonymous_0)","decl":{"start":{"line":44,"column":0},"end":{"line":44,"column":null}},"loc":{"start":{"line":44,"column":0},"end":{"line":44,"column":null}}},"1":{"name":"(anonymous_1)","decl":{"start":{"line":63,"column":0},"end":{"line":63,"column":null}},"loc":{"start":{"line":63,"column":0},"end":{"line":94,"column":null}}},"2":{"name":"(anonymous_2)","decl":{"start":{"line":64,"column":0},"end":{"line":64,"column":null}},"loc":{"start":{"line":64,"column":0},"end":{"line":93,"column":null}}},"3":{"name":"(anonymous_3)","decl":{"start":{"line":1,"column":0},"end":{"line":1,"column":null}},"loc":{"start":{"line":1,"column":0},"end":{"line":1,"column":null}}}},"branchMap":{"0":{"loc":{"start":{"line":65,"column":0},"end":{"line":65,"column":null}},"type":"if","locations":[{"start":{"line":65,"column":0},"end":{"line":65,"column":null}},{"start":{"line":65,"column":0},"end":{"line":65,"column":null}}]}},"s":{"0":0,"1":0,"2":0,"3":0,"4":0,"5":0,"6":0,"7":0,"8":0,"9":0,"10":0},"f":{"0":0,"1":0,"2":0,"3":0},"b":{"0":[0,0]}}
,"/Users/sh.alisultanov/Desktop/Projects/github/interpreter/client/pages/admin/projects/_id/components/ExportKeysModal/index.vue": {"path":"/Users/sh.alisultanov/Desktop/Projects/github/interpreter/client/pages/admin/projects/_id/components/ExportKeysModal/index.vue","statementMap":{"0":{"start":{"line":27,"column":0},"end":{"line":27,"column":null}},"1":{"start":{"line":1,"column":0},"end":{"line":1,"column":null}}},"fnMap":{"0":{"name":"(anonymous_0)","decl":{"start":{"line":27,"column":0},"end":{"line":27,"column":null}},"loc":{"start":{"line":27,"column":0},"end":{"line":27,"column":null}}},"1":{"name":"(anonymous_1)","decl":{"start":{"line":1,"column":0},"end":{"line":1,"column":null}},"loc":{"start":{"line":1,"column":0},"end":{"line":1,"column":null}}}},"branchMap":{},"s":{"0":0,"1":0},"f":{"0":0,"1":0},"b":{}}
,"/Users/sh.alisultanov/Desktop/Projects/github/interpreter/client/pages/admin/projects/_id/components/ImportKeysModal/index.vue": {"path":"/Users/sh.alisultanov/Desktop/Projects/github/interpreter/client/pages/admin/projects/_id/components/ImportKeysModal/index.vue","statementMap":{"0":{"start":{"line":43,"column":0},"end":{"line":43,"column":null}},"1":{"start":{"line":62,"column":0},"end":{"line":62,"column":null}},"2":{"start":{"line":1,"column":0},"end":{"line":1,"column":null}}},"fnMap":{"0":{"name":"(anonymous_0)","decl":{"start":{"line":43,"column":0},"end":{"line":43,"column":null}},"loc":{"start":{"line":43,"column":0},"end":{"line":43,"column":null}}},"1":{"name":"(anonymous_1)","decl":{"start":{"line":61,"column":0},"end":{"line":61,"column":null}},"loc":{"start":{"line":61,"column":0},"end":{"line":63,"column":null}}},"2":{"name":"(anonymous_2)","decl":{"start":{"line":1,"column":0},"end":{"line":1,"column":null}},"loc":{"start":{"line":1,"column":0},"end":{"line":1,"column":null}}}},"branchMap":{},"s":{"0":0,"1":0,"2":0},"f":{"0":0,"1":0,"2":0},"b":{}}
,"/Users/sh.alisultanov/Desktop/Projects/github/interpreter/client/pages/admin/projects/_id/components/ProjectBreadcrumb/index.vue": {"path":"/Users/sh.alisultanov/Desktop/Projects/github/interpreter/client/pages/admin/projects/_id/components/ProjectBreadcrumb/index.vue","statementMap":{"0":{"start":{"line":1,"column":0},"end":{"line":1,"column":null}}},"fnMap":{"0":{"name":"(anonymous_0)","decl":{"start":{"line":1,"column":0},"end":{"line":1,"column":null}},"loc":{"start":{"line":1,"column":0},"end":{"line":1,"column":null}}}},"branchMap":{},"s":{"0":0},"f":{"0":0},"b":{}}
,"/Users/sh.alisultanov/Desktop/Projects/github/interpreter/client/pages/admin/projects/_id/components/ProjectKeys/index.vue": {"path":"/Users/sh.alisultanov/Desktop/Projects/github/interpreter/client/pages/admin/projects/_id/components/ProjectKeys/index.vue","statementMap":{"0":{"start":{"line":132,"column":0},"end":{"line":132,"column":null}},"1":{"start":{"line":144,"column":0},"end":{"line":144,"column":null}},"2":{"start":{"line":148,"column":0},"end":{"line":148,"column":null}},"3":{"start":{"line":152,"column":0},"end":{"line":152,"column":null}},"4":{"start":{"line":162,"column":0},"end":{"line":162,"column":null}},"5":{"start":{"line":166,"column":0},"end":{"line":166,"column":null}},"6":{"start":{"line":172,"column":0},"end":{"line":174,"column":null}},"7":{"start":{"line":173,"column":0},"end":{"line":173,"column":null}},"8":{"start":{"line":180,"column":0},"end":{"line":180,"column":null}},"9":{"start":{"line":184,"column":0},"end":{"line":188,"column":null}},"10":{"start":{"line":185,"column":0},"end":{"line":185,"column":null}},"11":{"start":{"line":187,"column":0},"end":{"line":187,"column":null}},"12":{"start":{"line":192,"column":0},"end":{"line":192,"column":null}},"13":{"start":{"line":199,"column":0},"end":{"line":199,"column":null}},"14":{"start":{"line":200,"column":0},"end":{"line":200,"column":null}},"15":{"start":{"line":201,"column":0},"end":{"line":201,"column":null}},"16":{"start":{"line":202,"column":0},"end":{"line":202,"column":null}},"17":{"start":{"line":206,"column":0},"end":{"line":206,"column":null}},"18":{"start":{"line":210,"column":0},"end":{"line":210,"column":null}},"19":{"start":{"line":211,"column":0},"end":{"line":211,"column":null}},"20":{"start":{"line":215,"column":0},"end":{"line":215,"column":null}},"21":{"start":{"line":216,"column":0},"end":{"line":216,"column":null}},"22":{"start":{"line":220,"column":0},"end":{"line":237,"column":null}},"23":{"start":{"line":221,"column":0},"end":{"line":231,"column":null}},"24":{"start":{"line":233,"column":0},"end":{"line":233,"column":null}},"25":{"start":{"line":1,"column":0},"end":{"line":1,"column":null}}},"fnMap":{"0":{"name":"(anonymous_1)","decl":{"start":{"line":144,"column":0},"end":{"line":144,"column":null}},"loc":{"start":{"line":144,"column":0},"end":{"line":144,"column":null}}},"1":{"name":"(anonymous_2)","decl":{"start":{"line":148,"column":0},"end":{"line":148,"column":null}},"loc":{"start":{"line":148,"column":0},"end":{"line":148,"column":null}}},"2":{"name":"(anonymous_3)","decl":{"start":{"line":152,"column":0},"end":{"line":152,"column":null}},"loc":{"start":{"line":152,"column":0},"end":{"line":152,"column":null}}},"3":{"name":"(anonymous_4)","decl":{"start":{"line":161,"column":0},"end":{"line":161,"column":null}},"loc":{"start":{"line":161,"column":0},"end":{"line":163,"column":null}}},"4":{"name":"(anonymous_5)","decl":{"start":{"line":162,"column":0},"end":{"line":162,"column":null}},"loc":{"start":{"line":162,"column":0},"end":{"line":162,"column":null}}},"5":{"name":"(anonymous_6)","decl":{"start":{"line":165,"column":0},"end":{"line":165,"column":null}},"loc":{"start":{"line":165,"column":0},"end":{"line":167,"column":null}}},"6":{"name":"(anonymous_7)","decl":{"start":{"line":171,"column":0},"end":{"line":171,"column":null}},"loc":{"start":{"line":171,"column":0},"end":{"line":175,"column":null}}},"7":{"name":"(anonymous_8)","decl":{"start":{"line":179,"column":0},"end":{"line":179,"column":null}},"loc":{"start":{"line":179,"column":0},"end":{"line":181,"column":null}}},"8":{"name":"(anonymous_9)","decl":{"start":{"line":180,"column":0},"end":{"line":180,"column":null}},"loc":{"start":{"line":180,"column":0},"end":{"line":180,"column":null}}},"9":{"name":"(anonymous_10)","decl":{"start":{"line":183,"column":0},"end":{"line":183,"column":null}},"loc":{"start":{"line":183,"column":0},"end":{"line":189,"column":null}}},"10":{"name":"(anonymous_11)","decl":{"start":{"line":187,"column":0},"end":{"line":187,"column":null}},"loc":{"start":{"line":187,"column":0},"end":{"line":187,"column":null}}},"11":{"name":"(anonymous_12)","decl":{"start":{"line":191,"column":0},"end":{"line":191,"column":null}},"loc":{"start":{"line":191,"column":0},"end":{"line":196,"column":null}}},"12":{"name":"(anonymous_13)","decl":{"start":{"line":198,"column":0},"end":{"line":198,"column":null}},"loc":{"start":{"line":198,"column":0},"end":{"line":203,"column":null}}},"13":{"name":"(anonymous_14)","decl":{"start":{"line":200,"column":0},"end":{"line":200,"column":null}},"loc":{"start":{"line":200,"column":0},"end":{"line":200,"column":null}}},"14":{"name":"(anonymous_15)","decl":{"start":{"line":205,"column":0},"end":{"line":205,"column":null}},"loc":{"start":{"line":205,"column":0},"end":{"line":207,"column":null}}},"15":{"name":"(anonymous_16)","decl":{"start":{"line":209,"column":0},"end":{"line":209,"column":null}},"loc":{"start":{"line":209,"column":0},"end":{"line":212,"column":null}}},"16":{"name":"(anonymous_17)","decl":{"start":{"line":214,"column":0},"end":{"line":214,"column":null}},"loc":{"start":{"line":214,"column":0},"end":{"line":217,"column":null}}},"17":{"name":"(anonymous_18)","decl":{"start":{"line":219,"column":0},"end":{"line":219,"column":null}},"loc":{"start":{"line":219,"column":0},"end":{"line":238,"column":null}}},"18":{"name":"(anonymous_19)","decl":{"start":{"line":221,"column":0},"end":{"line":221,"column":null}},"loc":{"start":{"line":221,"column":0},"end":{"line":228,"column":null}}},"19":{"name":"(anonymous_20)","decl":{"start":{"line":228,"column":0},"end":{"line":228,"column":null}},"loc":{"start":{"line":228,"column":0},"end":{"line":231,"column":null}}},"20":{"name":"(anonymous_21)","decl":{"start":{"line":1,"column":0},"end":{"line":1,"column":null}},"loc":{"start":{"line":1,"column":0},"end":{"line":1,"column":null}}}},"branchMap":{"0":{"loc":{"start":{"line":172,"column":0},"end":{"line":174,"column":null}},"type":"if","locations":[{"start":{"line":172,"column":0},"end":{"line":174,"column":null}},{"start":{"line":172,"column":0},"end":{"line":174,"column":null}}]},"1":{"loc":{"start":{"line":180,"column":0},"end":{"line":180,"column":null}},"type":"cond-expr","locations":[{"start":{"line":180,"column":0},"end":{"line":180,"column":null}},{"start":{"line":180,"column":0},"end":{"line":180,"column":null}}]},"2":{"loc":{"start":{"line":184,"column":0},"end":{"line":188,"column":null}},"type":"if","locations":[{"start":{"line":184,"column":0},"end":{"line":188,"column":null}},{"start":{"line":184,"column":0},"end":{"line":188,"column":null}}]},"3":{"loc":{"start":{"line":198,"column":0},"end":{"line":198,"column":null}},"type":"default-arg","locations":[{"start":{"line":198,"column":0},"end":{"line":198,"column":null}}]},"4":{"loc":{"start":{"line":199,"column":0},"end":{"line":199,"column":null}},"type":"if","locations":[{"start":{"line":199,"column":0},"end":{"line":199,"column":null}},{"start":{"line":199,"column":0},"end":{"line":199,"column":null}}]},"5":{"loc":{"start":{"line":201,"column":0},"end":{"line":201,"column":null}},"type":"if","locations":[{"start":{"line":201,"column":0},"end":{"line":201,"column":null}},{"start":{"line":201,"column":0},"end":{"line":201,"column":null}}]},"6":{"loc":{"start":{"line":1,"column":0},"end":{"line":1,"column":null}},"type":"cond-expr","locations":[{"start":{"line":1,"column":0},"end":{"line":1,"column":null}},{"start":{"line":1,"column":0},"end":{"line":1,"column":null}}]}},"s":{"0":0,"1":0,"2":0,"3":0,"4":0,"5":0,"6":0,"7":0,"8":0,"9":0,"10":0,"11":0,"12":0,"13":0,"14":0,"15":0,"16":0,"17":0,"18":0,"19":0,"20":0,"21":0,"22":0,"23":0,"24":0,"25":0},"f":{"0":0,"1":0,"2":0,"3":0,"4":0,"5":0,"6":0,"7":0,"8":0,"9":0,"10":0,"11":0,"12":0,"13":0,"14":0,"15":0,"16":0,"17":0,"18":0,"19":0,"20":0},"b":{"0":[0,0],"1":[0,0],"2":[0,0],"3":[0],"4":[0,0],"5":[0,0],"6":[0,0]}}
,"/Users/sh.alisultanov/Desktop/Projects/github/interpreter/client/pages/admin/projects/_id/components/ProjectKeys/WordField/index.vue": {"path":"/Users/sh.alisultanov/Desktop/Projects/github/interpreter/client/pages/admin/projects/_id/components/ProjectKeys/WordField/index.vue","statementMap":{"0":{"start":{"line":52,"column":0},"end":{"line":52,"column":null}},"1":{"start":{"line":61,"column":0},"end":{"line":61,"column":null}},"2":{"start":{"line":62,"column":0},"end":{"line":62,"column":null}},"3":{"start":{"line":66,"column":0},"end":{"line":85,"column":null}},"4":{"start":{"line":67,"column":0},"end":{"line":67,"column":null}},"5":{"start":{"line":69,"column":0},"end":{"line":69,"column":null}},"6":{"start":{"line":75,"column":0},"end":{"line":84,"column":null}},"7":{"start":{"line":76,"column":0},"end":{"line":76,"column":null}},"8":{"start":{"line":77,"column":0},"end":{"line":77,"column":null}},"9":{"start":{"line":78,"column":0},"end":{"line":78,"column":null}},"10":{"start":{"line":80,"column":0},"end":{"line":80,"column":null}},"11":{"start":{"line":1,"column":0},"end":{"line":1,"column":null}}},"fnMap":{"0":{"name":"(anonymous_0)","decl":{"start":{"line":52,"column":0},"end":{"line":52,"column":null}},"loc":{"start":{"line":52,"column":0},"end":{"line":52,"column":null}}},"1":{"name":"(anonymous_1)","decl":{"start":{"line":60,"column":0},"end":{"line":60,"column":null}},"loc":{"start":{"line":60,"column":0},"end":{"line":63,"column":null}}},"2":{"name":"(anonymous_2)","decl":{"start":{"line":65,"column":0},"end":{"line":65,"column":null}},"loc":{"start":{"line":65,"column":0},"end":{"line":86,"column":null}}},"3":{"name":"(anonymous_3)","decl":{"start":{"line":66,"column":0},"end":{"line":66,"column":null}},"loc":{"start":{"line":66,"column":0},"end":{"line":85,"column":null}}},"4":{"name":"(anonymous_4)","decl":{"start":{"line":1,"column":0},"end":{"line":1,"column":null}},"loc":{"start":{"line":1,"column":0},"end":{"line":1,"column":null}}}},"branchMap":{"0":{"loc":{"start":{"line":67,"column":0},"end":{"line":67,"column":null}},"type":"if","locations":[{"start":{"line":67,"column":0},"end":{"line":67,"column":null}},{"start":{"line":67,"column":0},"end":{"line":67,"column":null}}]},"1":{"loc":{"start":{"line":1,"column":0},"end":{"line":1,"column":null}},"type":"cond-expr","locations":[{"start":{"line":1,"column":0},"end":{"line":1,"column":null}},{"start":{"line":1,"column":0},"end":{"line":1,"column":null}}]}},"s":{"0":0,"1":0,"2":0,"3":0,"4":0,"5":0,"6":0,"7":0,"8":0,"9":0,"10":0,"11":0},"f":{"0":0,"1":0,"2":0,"3":0,"4":0},"b":{"0":[0,0],"1":[0,0]}}
,"/Users/sh.alisultanov/Desktop/Projects/github/interpreter/client/pages/admin/projects/_id/components/ProjectLanguages/index.vue": {"path":"/Users/sh.alisultanov/Desktop/Projects/github/interpreter/client/pages/admin/projects/_id/components/ProjectLanguages/index.vue","statementMap":{"0":{"start":{"line":25,"column":0},"end":{"line":25,"column":null}},"1":{"start":{"line":1,"column":0},"end":{"line":1,"column":null}}},"fnMap":{"0":{"name":"(anonymous_0)","decl":{"start":{"line":25,"column":0},"end":{"line":25,"column":null}},"loc":{"start":{"line":25,"column":0},"end":{"line":25,"column":null}}},"1":{"name":"(anonymous_1)","decl":{"start":{"line":1,"column":0},"end":{"line":1,"column":null}},"loc":{"start":{"line":1,"column":0},"end":{"line":1,"column":null}}}},"branchMap":{},"s":{"0":0,"1":0},"f":{"0":0,"1":0},"b":{}}
,"/Users/sh.alisultanov/Desktop/Projects/github/interpreter/client/pages/admin/projects/_id/components/ProjectMembers/index.vue": {"path":"/Users/sh.alisultanov/Desktop/Projects/github/interpreter/client/pages/admin/projects/_id/components/ProjectMembers/index.vue","statementMap":{"0":{"start":{"line":86,"column":0},"end":{"line":86,"column":null}},"1":{"start":{"line":87,"column":0},"end":{"line":87,"column":null}},"2":{"start":{"line":93,"column":0},"end":{"line":93,"column":null}},"3":{"start":{"line":146,"column":0},"end":{"line":146,"column":null}},"4":{"start":{"line":150,"column":0},"end":{"line":150,"column":null}},"5":{"start":{"line":151,"column":0},"end":{"line":151,"column":null}},"6":{"start":{"line":1,"column":0},"end":{"line":1,"column":null}}},"fnMap":{"0":{"name":"(anonymous_0)","decl":{"start":{"line":92,"column":0},"end":{"line":92,"column":null}},"loc":{"start":{"line":92,"column":0},"end":{"line":136,"column":null}}},"1":{"name":"(anonymous_1)","decl":{"start":{"line":145,"column":0},"end":{"line":145,"column":null}},"loc":{"start":{"line":145,"column":0},"end":{"line":147,"column":null}}},"2":{"name":"(anonymous_2)","decl":{"start":{"line":149,"column":0},"end":{"line":149,"column":null}},"loc":{"start":{"line":149,"column":0},"end":{"line":152,"column":null}}},"3":{"name":"(anonymous_3)","decl":{"start":{"line":1,"column":0},"end":{"line":1,"column":null}},"loc":{"start":{"line":1,"column":0},"end":{"line":1,"column":null}}}},"branchMap":{},"s":{"0":0,"1":0,"2":0,"3":0,"4":0,"5":0,"6":0},"f":{"0":0,"1":0,"2":0,"3":0},"b":{}}
,"/Users/sh.alisultanov/Desktop/Projects/github/interpreter/client/pages/admin/projects/_id/components/ProjectSettings/index.vue": {"path":"/Users/sh.alisultanov/Desktop/Projects/github/interpreter/client/pages/admin/projects/_id/components/ProjectSettings/index.vue","statementMap":{"0":{"start":{"line":64,"column":0},"end":{"line":64,"column":null}},"1":{"start":{"line":84,"column":0},"end":{"line":84,"column":null}},"2":{"start":{"line":88,"column":0},"end":{"line":88,"column":null}},"3":{"start":{"line":120,"column":0},"end":{"line":120,"column":null}},"4":{"start":{"line":125,"column":0},"end":{"line":125,"column":null}},"5":{"start":{"line":126,"column":0},"end":{"line":126,"column":null}},"6":{"start":{"line":127,"column":0},"end":{"line":129,"column":null}},"7":{"start":{"line":128,"column":0},"end":{"line":128,"column":null}},"8":{"start":{"line":133,"column":0},"end":{"line":160,"column":null}},"9":{"start":{"line":134,"column":0},"end":{"line":134,"column":null}},"10":{"start":{"line":136,"column":0},"end":{"line":159,"column":null}},"11":{"start":{"line":137,"column":0},"end":{"line":137,"column":null}},"12":{"start":{"line":143,"column":0},"end":{"line":143,"column":null}},"13":{"start":{"line":148,"column":0},"end":{"line":148,"column":null}},"14":{"start":{"line":153,"column":0},"end":{"line":153,"column":null}},"15":{"start":{"line":155,"column":0},"end":{"line":155,"column":null}},"16":{"start":{"line":164,"column":0},"end":{"line":186,"column":null}},"17":{"start":{"line":165,"column":0},"end":{"line":165,"column":null}},"18":{"start":{"line":171,"column":0},"end":{"line":171,"column":null}},"19":{"start":{"line":175,"column":0},"end":{"line":175,"column":null}},"20":{"start":{"line":180,"column":0},"end":{"line":180,"column":null}},"21":{"start":{"line":182,"column":0},"end":{"line":182,"column":null}},"22":{"start":{"line":1,"column":0},"end":{"line":1,"column":null}}},"fnMap":{"0":{"name":"(anonymous_0)","decl":{"start":{"line":84,"column":0},"end":{"line":84,"column":null}},"loc":{"start":{"line":84,"column":0},"end":{"line":84,"column":null}}},"1":{"name":"(anonymous_1)","decl":{"start":{"line":88,"column":0},"end":{"line":88,"column":null}},"loc":{"start":{"line":88,"column":0},"end":{"line":88,"column":null}}},"2":{"name":"(anonymous_2)","decl":{"start":{"line":119,"column":0},"end":{"line":119,"column":null}},"loc":{"start":{"line":119,"column":0},"end":{"line":121,"column":null}}},"3":{"name":"(anonymous_3)","decl":{"start":{"line":124,"column":0},"end":{"line":124,"column":null}},"loc":{"start":{"line":124,"column":0},"end":{"line":130,"column":null}}},"4":{"name":"(anonymous_4)","decl":{"start":{"line":127,"column":0},"end":{"line":127,"column":null}},"loc":{"start":{"line":127,"column":0},"end":{"line":129,"column":null}}},"5":{"name":"(anonymous_5)","decl":{"start":{"line":132,"column":0},"end":{"line":132,"column":null}},"loc":{"start":{"line":132,"column":0},"end":{"line":161,"column":null}}},"6":{"name":"(anonymous_6)","decl":{"start":{"line":133,"column":0},"end":{"line":133,"column":null}},"loc":{"start":{"line":133,"column":0},"end":{"line":160,"column":null}}},"7":{"name":"(anonymous_7)","decl":{"start":{"line":163,"column":0},"end":{"line":163,"column":null}},"loc":{"start":{"line":163,"column":0},"end":{"line":187,"column":null}}},"8":{"name":"(anonymous_8)","decl":{"start":{"line":1,"column":0},"end":{"line":1,"column":null}},"loc":{"start":{"line":1,"column":0},"end":{"line":1,"column":null}}}},"branchMap":{"0":{"loc":{"start":{"line":134,"column":0},"end":{"line":134,"column":null}},"type":"if","locations":[{"start":{"line":134,"column":0},"end":{"line":134,"column":null}},{"start":{"line":134,"column":0},"end":{"line":134,"column":null}}]}},"s":{"0":0,"1":0,"2":0,"3":0,"4":0,"5":0,"6":0,"7":0,"8":0,"9":0,"10":0,"11":0,"12":0,"13":0,"14":0,"15":0,"16":0,"17":0,"18":0,"19":0,"20":0,"21":0,"22":0},"f":{"0":0,"1":0,"2":0,"3":0,"4":0,"5":0,"6":0,"7":0,"8":0},"b":{"0":[0,0]}}
,"/Users/sh.alisultanov/Desktop/Projects/github/interpreter/client/pages/admin/settings/index.vue": {"path":"/Users/sh.alisultanov/Desktop/Projects/github/interpreter/client/pages/admin/settings/index.vue","statementMap":{"0":{"start":{"line":54,"column":0},"end":{"line":54,"column":null}},"1":{"start":{"line":60,"column":0},"end":{"line":60,"column":null}},"2":{"start":{"line":1,"column":0},"end":{"line":1,"column":null}}},"fnMap":{"0":{"name":"(anonymous_1)","decl":{"start":{"line":60,"column":0},"end":{"line":60,"column":null}},"loc":{"start":{"line":60,"column":0},"end":{"line":60,"column":null}}},"1":{"name":"(anonymous_2)","decl":{"start":{"line":1,"column":0},"end":{"line":1,"column":null}},"loc":{"start":{"line":1,"column":0},"end":{"line":1,"column":null}}}},"branchMap":{},"s":{"0":0,"1":0,"2":0},"f":{"0":0,"1":0},"b":{}}
,"/Users/sh.alisultanov/Desktop/Projects/github/interpreter/client/pages/admin/support/index.vue": {"path":"/Users/sh.alisultanov/Desktop/Projects/github/interpreter/client/pages/admin/support/index.vue","statementMap":{"0":{"start":{"line":10,"column":0},"end":{"line":10,"column":null}},"1":{"start":{"line":1,"column":0},"end":{"line":1,"column":null}}},"fnMap":{"0":{"name":"(anonymous_1)","decl":{"start":{"line":1,"column":0},"end":{"line":1,"column":null}},"loc":{"start":{"line":1,"column":0},"end":{"line":1,"column":null}}}},"branchMap":{},"s":{"0":0,"1":0},"f":{"0":0},"b":{}}
}
