TN:
SF:/Users/sh.alisultanov/Desktop/Projects/github/interpreter/client/common/helpers/index.js
FNF:0
FNH:0
LF:0
LH:0
BRF:0
BRH:0
end_of_record
TN:
SF:/Users/sh.alisultanov/Desktop/Projects/github/interpreter/client/common/helpers/getAvatarName/index.js
FN:1,(anonymous_0)
FNF:1
FNH:1
FNDA:1,(anonymous_0)
DA:1,2
LF:1
LH:1
BRF:0
BRH:0
end_of_record
TN:
SF:/Users/sh.alisultanov/Desktop/Projects/github/interpreter/client/common/helpers/isValidToken/index.js
FN:3,(anonymous_0)
FNF:1
FNH:0
FNDA:0,(anonymous_0)
DA:3,1
DA:4,0
DA:6,0
DA:8,0
DA:10,0
LF:5
LH:1
BRDA:4,0,0,0
BRDA:4,0,1,0
BRDA:6,1,0,0
BRDA:6,1,1,0
BRDA:8,2,0,0
BRDA:8,2,1,0
BRF:6
BRH:0
end_of_record
TN:
SF:/Users/sh.alisultanov/Desktop/Projects/github/interpreter/client/components/admin/TheAdminFooter/index.vue
FN:11,(anonymous_0)
FN:1,(anonymous_1)
FNF:2
FNH:0
FNDA:0,(anonymous_0)
FNDA:0,(anonymous_1)
DA:1,3
DA:11,0
LF:2
LH:1
BRF:0
BRH:0
end_of_record
TN:
SF:/Users/sh.alisultanov/Desktop/Projects/github/interpreter/client/components/admin/TheAdminHeader/index.vue
FN:45,(anonymous_0)
FN:69,(anonymous_1)
FN:81,(anonymous_2)
FN:1,(anonymous_3)
FNF:4
FNH:0
FNDA:0,(anonymous_0)
FNDA:0,(anonymous_1)
FNDA:0,(anonymous_2)
FNDA:0,(anonymous_3)
DA:1,3
DA:39,1
DA:40,1
DA:45,0
DA:70,0
DA:71,0
DA:72,0
DA:74,0
DA:82,0
DA:83,0
DA:84,0
LF:11
LH:3
BRF:0
BRH:0
end_of_record
TN:
SF:/Users/sh.alisultanov/Desktop/Projects/github/interpreter/client/components/landing/TheHeader/index.vue
FN:125,(anonymous_0)
FN:187,(anonymous_1)
FN:190,(anonymous_2)
FN:211,(anonymous_3)
FN:214,(anonymous_4)
FN:245,(anonymous_5)
FN:250,(anonymous_6)
FN:1,(anonymous_7)
FNF:8
FNH:0
FNDA:0,(anonymous_0)
FNDA:0,(anonymous_1)
FNDA:0,(anonymous_2)
FNDA:0,(anonymous_3)
FNDA:0,(anonymous_4)
FNDA:0,(anonymous_5)
FNDA:0,(anonymous_6)
FNDA:0,(anonymous_7)
DA:1,3
DA:120,1
DA:125,0
DA:188,0
DA:190,0
DA:191,0
DA:192,0
DA:193,0
DA:196,0
DA:197,0
DA:198,0
DA:199,0
DA:201,0
DA:208,0
DA:212,0
DA:214,0
DA:215,0
DA:216,0
DA:217,0
DA:220,0
DA:221,0
DA:226,0
DA:231,0
DA:233,0
DA:235,0
DA:242,0
DA:246,0
DA:247,0
DA:251,0
DA:252,0
DA:253,0
LF:31
LH:2
BRDA:191,0,0,0
BRDA:191,0,1,0
BRDA:215,1,0,0
BRDA:215,1,1,0
BRF:4
BRH:0
end_of_record
TN:
SF:/Users/sh.alisultanov/Desktop/Projects/github/interpreter/client/layouts/admin.vue
FN:27,(anonymous_1)
FN:28,(anonymous_2)
FN:32,(anonymous_3)
FN:41,(anonymous_4)
FN:1,(anonymous_5)
FNF:5
FNH:5
FNDA:1,(anonymous_1)
FNDA:1,(anonymous_2)
FNDA:1,(anonymous_3)
FNDA:1,(anonymous_4)
FNDA:1,(anonymous_5)
DA:1,6
DA:12,1
DA:14,1
DA:15,1
DA:28,1
DA:31,1
DA:34,1
DA:42,1
LF:8
LH:8
BRF:0
BRH:0
end_of_record
TN:
SF:/Users/sh.alisultanov/Desktop/Projects/github/interpreter/client/layouts/default.vue
FN:1,(anonymous_1)
FNF:1
FNH:1
FNDA:1,(anonymous_1)
DA:1,6
DA:10,1
LF:2
LH:2
BRF:0
BRH:0
end_of_record
TN:
SF:/Users/sh.alisultanov/Desktop/Projects/github/interpreter/client/pages/index.vue
FN:1,(anonymous_0)
FNF:1
FNH:1
FNDA:1,(anonymous_0)
DA:1,6
LF:1
LH:1
BRF:0
BRH:0
end_of_record
TN:
SF:/Users/sh.alisultanov/Desktop/Projects/github/interpreter/client/pages/admin/index.vue
FN:13,(anonymous_1)
FN:1,(anonymous_2)
FNF:2
FNH:0
FNDA:0,(anonymous_1)
FNDA:0,(anonymous_2)
DA:1,0
DA:6,0
DA:14,0
LF:3
LH:0
BRF:0
BRH:0
end_of_record
TN:
SF:/Users/sh.alisultanov/Desktop/Projects/github/interpreter/client/pages/admin/how-use/index.vue
FN:1,(anonymous_1)
FNF:1
FNH:0
FNDA:0,(anonymous_1)
DA:1,0
DA:10,0
LF:2
LH:0
BRF:0
BRH:0
end_of_record
TN:
SF:/Users/sh.alisultanov/Desktop/Projects/github/interpreter/client/pages/admin/projects/index.vue
FN:121,(anonymous_1)
FN:126,(anonymous_2)
FN:160,(anonymous_3)
FN:164,(anonymous_4)
FN:167,(anonymous_5)
FN:206,(anonymous_6)
FN:212,(anonymous_7)
FN:1,(anonymous_8)
FNF:8
FNH:0
FNDA:0,(anonymous_1)
FNDA:0,(anonymous_2)
FNDA:0,(anonymous_3)
FNDA:0,(anonymous_4)
FNDA:0,(anonymous_5)
FNDA:0,(anonymous_6)
FNDA:0,(anonymous_7)
FNDA:0,(anonymous_8)
DA:1,0
DA:112,0
DA:114,0
DA:122,0
DA:123,0
DA:126,0
DA:161,0
DA:165,0
DA:167,0
DA:168,0
DA:169,0
DA:170,0
DA:173,0
DA:180,0
DA:181,0
DA:186,0
DA:188,0
DA:193,0
DA:194,0
DA:196,0
DA:202,0
DA:207,0
DA:208,0
DA:209,0
DA:213,0
LF:25
LH:0
BRDA:168,0,0,0
BRDA:168,0,1,0
BRDA:1,1,0,0
BRDA:1,1,1,0
BRF:4
BRH:0
end_of_record
TN:
SF:/Users/sh.alisultanov/Desktop/Projects/github/interpreter/client/pages/admin/projects/_id/index.vue
FN:78,(anonymous_1)
FN:85,(anonymous_2)
FN:86,(anonymous_3)
FN:91,(anonymous_4)
FN:95,(anonymous_5)
FN:96,(anonymous_6)
FN:1,(anonymous_7)
FNF:7
FNH:0
FNDA:0,(anonymous_1)
FNDA:0,(anonymous_2)
FNDA:0,(anonymous_3)
FNDA:0,(anonymous_4)
FNDA:0,(anonymous_5)
FNDA:0,(anonymous_6)
FNDA:0,(anonymous_7)
DA:1,0
DA:51,0
DA:52,0
DA:53,0
DA:54,0
DA:55,0
DA:56,0
DA:57,0
DA:58,0
DA:60,0
DA:79,0
DA:81,0
DA:86,0
DA:87,0
DA:92,0
DA:96,0
DA:97,0
LF:17
LH:0
BRDA:79,0,0,0
BRDA:79,0,1,0
BRF:2
BRH:0
end_of_record
TN:
SF:/Users/sh.alisultanov/Desktop/Projects/github/interpreter/client/pages/admin/projects/_id/components/CreateKeysModal/index.vue
FN:44,(anonymous_0)
FN:63,(anonymous_1)
FN:64,(anonymous_2)
FN:1,(anonymous_3)
FNF:4
FNH:0
FNDA:0,(anonymous_0)
FNDA:0,(anonymous_1)
FNDA:0,(anonymous_2)
FNDA:0,(anonymous_3)
DA:1,0
DA:44,0
DA:64,0
DA:65,0
DA:67,0
DA:76,0
DA:77,0
DA:79,0
DA:81,0
DA:86,0
DA:88,0
LF:11
LH:0
BRDA:65,0,0,0
BRDA:65,0,1,0
BRF:2
BRH:0
end_of_record
TN:
SF:/Users/sh.alisultanov/Desktop/Projects/github/interpreter/client/pages/admin/projects/_id/components/ExportKeysModal/index.vue
FN:27,(anonymous_0)
FN:1,(anonymous_1)
FNF:2
FNH:0
FNDA:0,(anonymous_0)
FNDA:0,(anonymous_1)
DA:1,0
DA:27,0
LF:2
LH:0
BRF:0
BRH:0
end_of_record
TN:
SF:/Users/sh.alisultanov/Desktop/Projects/github/interpreter/client/pages/admin/projects/_id/components/ImportKeysModal/index.vue
FN:43,(anonymous_0)
FN:61,(anonymous_1)
FN:1,(anonymous_2)
FNF:3
FNH:0
FNDA:0,(anonymous_0)
FNDA:0,(anonymous_1)
FNDA:0,(anonymous_2)
DA:1,0
DA:43,0
DA:62,0
LF:3
LH:0
BRF:0
BRH:0
end_of_record
TN:
SF:/Users/sh.alisultanov/Desktop/Projects/github/interpreter/client/pages/admin/projects/_id/components/ProjectBreadcrumb/index.vue
FN:1,(anonymous_0)
FNF:1
FNH:0
FNDA:0,(anonymous_0)
DA:1,0
LF:1
LH:0
BRF:0
BRH:0
end_of_record
TN:
SF:/Users/sh.alisultanov/Desktop/Projects/github/interpreter/client/pages/admin/projects/_id/components/ProjectKeys/index.vue
FN:144,(anonymous_1)
FN:148,(anonymous_2)
FN:152,(anonymous_3)
FN:161,(anonymous_4)
FN:162,(anonymous_5)
FN:165,(anonymous_6)
FN:171,(anonymous_7)
FN:179,(anonymous_8)
FN:180,(anonymous_9)
FN:183,(anonymous_10)
FN:187,(anonymous_11)
FN:191,(anonymous_12)
FN:198,(anonymous_13)
FN:200,(anonymous_14)
FN:205,(anonymous_15)
FN:209,(anonymous_16)
FN:214,(anonymous_17)
FN:219,(anonymous_18)
FN:221,(anonymous_19)
FN:228,(anonymous_20)
FN:1,(anonymous_21)
FNF:21
FNH:0
FNDA:0,(anonymous_1)
FNDA:0,(anonymous_2)
FNDA:0,(anonymous_3)
FNDA:0,(anonymous_4)
FNDA:0,(anonymous_5)
FNDA:0,(anonymous_6)
FNDA:0,(anonymous_7)
FNDA:0,(anonymous_8)
FNDA:0,(anonymous_9)
FNDA:0,(anonymous_10)
FNDA:0,(anonymous_11)
FNDA:0,(anonymous_12)
FNDA:0,(anonymous_13)
FNDA:0,(anonymous_14)
FNDA:0,(anonymous_15)
FNDA:0,(anonymous_16)
FNDA:0,(anonymous_17)
FNDA:0,(anonymous_18)
FNDA:0,(anonymous_19)
FNDA:0,(anonymous_20)
FNDA:0,(anonymous_21)
DA:1,0
DA:132,0
DA:144,0
DA:148,0
DA:152,0
DA:162,0
DA:166,0
DA:172,0
DA:173,0
DA:180,0
DA:184,0
DA:185,0
DA:187,0
DA:192,0
DA:199,0
DA:200,0
DA:201,0
DA:202,0
DA:206,0
DA:210,0
DA:211,0
DA:215,0
DA:216,0
DA:220,0
DA:221,0
DA:233,0
LF:26
LH:0
BRDA:172,0,0,0
BRDA:172,0,1,0
BRDA:180,1,0,0
BRDA:180,1,1,0
BRDA:184,2,0,0
BRDA:184,2,1,0
BRDA:198,3,0,0
BRDA:199,4,0,0
BRDA:199,4,1,0
BRDA:201,5,0,0
BRDA:201,5,1,0
BRDA:1,6,0,0
BRDA:1,6,1,0
BRF:13
BRH:0
end_of_record
TN:
SF:/Users/sh.alisultanov/Desktop/Projects/github/interpreter/client/pages/admin/projects/_id/components/ProjectKeys/WordField/index.vue
FN:52,(anonymous_0)
FN:60,(anonymous_1)
FN:65,(anonymous_2)
FN:66,(anonymous_3)
FN:1,(anonymous_4)
FNF:5
FNH:0
FNDA:0,(anonymous_0)
FNDA:0,(anonymous_1)
FNDA:0,(anonymous_2)
FNDA:0,(anonymous_3)
FNDA:0,(anonymous_4)
DA:1,0
DA:52,0
DA:61,0
DA:62,0
DA:66,0
DA:67,0
DA:69,0
DA:75,0
DA:76,0
DA:77,0
DA:78,0
DA:80,0
LF:12
LH:0
BRDA:67,0,0,0
BRDA:67,0,1,0
BRDA:1,1,0,0
BRDA:1,1,1,0
BRF:4
BRH:0
end_of_record
TN:
SF:/Users/sh.alisultanov/Desktop/Projects/github/interpreter/client/pages/admin/projects/_id/components/ProjectLanguages/index.vue
FN:25,(anonymous_0)
FN:1,(anonymous_1)
FNF:2
FNH:0
FNDA:0,(anonymous_0)
FNDA:0,(anonymous_1)
DA:1,0
DA:25,0
LF:2
LH:0
BRF:0
BRH:0
end_of_record
TN:
SF:/Users/sh.alisultanov/Desktop/Projects/github/interpreter/client/pages/admin/projects/_id/components/ProjectMembers/index.vue
FN:92,(anonymous_0)
FN:145,(anonymous_1)
FN:149,(anonymous_2)
FN:1,(anonymous_3)
FNF:4
FNH:0
FNDA:0,(anonymous_0)
FNDA:0,(anonymous_1)
FNDA:0,(anonymous_2)
FNDA:0,(anonymous_3)
DA:1,0
DA:86,0
DA:87,0
DA:93,0
DA:146,0
DA:150,0
DA:151,0
LF:7
LH:0
BRF:0
BRH:0
end_of_record
TN:
SF:/Users/sh.alisultanov/Desktop/Projects/github/interpreter/client/pages/admin/projects/_id/components/ProjectSettings/index.vue
FN:84,(anonymous_0)
FN:88,(anonymous_1)
FN:119,(anonymous_2)
FN:124,(anonymous_3)
FN:127,(anonymous_4)
FN:132,(anonymous_5)
FN:133,(anonymous_6)
FN:163,(anonymous_7)
FN:1,(anonymous_8)
FNF:9
FNH:0
FNDA:0,(anonymous_0)
FNDA:0,(anonymous_1)
FNDA:0,(anonymous_2)
FNDA:0,(anonymous_3)
FNDA:0,(anonymous_4)
FNDA:0,(anonymous_5)
FNDA:0,(anonymous_6)
FNDA:0,(anonymous_7)
FNDA:0,(anonymous_8)
DA:1,0
DA:64,0
DA:84,0
DA:88,0
DA:120,0
DA:125,0
DA:126,0
DA:127,0
DA:128,0
DA:133,0
DA:134,0
DA:136,0
DA:137,0
DA:143,0
DA:148,0
DA:153,0
DA:155,0
DA:164,0
DA:165,0
DA:171,0
DA:175,0
DA:180,0
DA:182,0
LF:23
LH:0
BRDA:134,0,0,0
BRDA:134,0,1,0
BRF:2
BRH:0
end_of_record
TN:
SF:/Users/sh.alisultanov/Desktop/Projects/github/interpreter/client/pages/admin/settings/index.vue
FN:60,(anonymous_1)
FN:1,(anonymous_2)
FNF:2
FNH:0
FNDA:0,(anonymous_1)
FNDA:0,(anonymous_2)
DA:1,0
DA:54,0
DA:60,0
LF:3
LH:0
BRF:0
BRH:0
end_of_record
TN:
SF:/Users/sh.alisultanov/Desktop/Projects/github/interpreter/client/pages/admin/support/index.vue
FN:1,(anonymous_1)
FNF:1
FNH:0
FNDA:0,(anonymous_1)
DA:1,0
DA:10,0
LF:2
LH:0
BRF:0
BRH:0
end_of_record
